Using pre-set license
Built from '2021.3/staging' branch; Version is '2021.3.1f1 (3b70a0754835) revision 3895456'; Using compiler version '192829333'; Build Type 'Release'
OS: 'Windows 11  (10.0.22621) 64bit Core' Language: 'en' Physical Memory: 16236 MB
BatchMode: 1, IsHumanControllingUs: 0, StartBugReporterOnCrash: 0, Is64bit: 1, IsPro: 1

COMMAND LINE ARGUMENTS:
C:\Users\ngjun\Downloads\DGDD\2021.3.1f1\Editor\Unity.exe
-adb2
-batchMode
-noUpm
-name
AssetImportWorker0
-projectPath
C:/Users/ngjun/OneDrive/Desktop/JUNK file/tryjoyandpain
-logFile
Logs/AssetImportWorker0.log
-srvPort
58646
Successfully changed project path to: C:/Users/ngjun/OneDrive/Desktop/JUNK file/tryjoyandpain
C:/Users/ngjun/OneDrive/Desktop/JUNK file/tryjoyandpain
[UnityMemory] Configuration Parameters - Can be set up in boot.config
    "memorysetup-bucket-allocator-granularity=16"
    "memorysetup-bucket-allocator-bucket-count=8"
    "memorysetup-bucket-allocator-block-size=33554432"
    "memorysetup-bucket-allocator-block-count=8"
    "memorysetup-main-allocator-block-size=16777216"
    "memorysetup-thread-allocator-block-size=16777216"
    "memorysetup-gfx-main-allocator-block-size=16777216"
    "memorysetup-gfx-thread-allocator-block-size=16777216"
    "memorysetup-cache-allocator-block-size=4194304"
    "memorysetup-typetree-allocator-block-size=2097152"
    "memorysetup-profiler-bucket-allocator-granularity=16"
    "memorysetup-profiler-bucket-allocator-bucket-count=8"
    "memorysetup-profiler-bucket-allocator-block-size=33554432"
    "memorysetup-profiler-bucket-allocator-block-count=8"
    "memorysetup-profiler-allocator-block-size=16777216"
    "memorysetup-profiler-editor-allocator-block-size=1048576"
    "memorysetup-temp-allocator-size-main=16777216"
    "memorysetup-job-temp-allocator-block-size=2097152"
    "memorysetup-job-temp-allocator-block-size-background=1048576"
    "memorysetup-job-temp-allocator-reduction-small-platforms=262144"
    "memorysetup-temp-allocator-size-background-worker=32768"
    "memorysetup-temp-allocator-size-job-worker=262144"
    "memorysetup-temp-allocator-size-preload-manager=33554432"
    "memorysetup-temp-allocator-size-nav-mesh-worker=65536"
    "memorysetup-temp-allocator-size-audio-worker=65536"
    "memorysetup-temp-allocator-size-cloud-worker=32768"
    "memorysetup-temp-allocator-size-gi-baking-worker=262144"
    "memorysetup-temp-allocator-size-gfx=262144"
Refreshing native plugins compatible for Editor in 61.80 ms, found 3 plugins.
Preloading 0 native plugins for Editor in 0.00 ms.
Initialize engine version: 2021.3.1f1 (3b70a0754835)
[Subsystems] Discovering subsystems at path C:/Users/ngjun/Downloads/DGDD/2021.3.1f1/Editor/Data/Resources/UnitySubsystems
[Subsystems] Discovering subsystems at path C:/Users/ngjun/OneDrive/Desktop/JUNK file/tryjoyandpain/Assets
GfxDevice: creating device client; threaded=0; jobified=0
Direct3D:
    Version:  Direct3D 11.0 [level 11.1]
    Renderer: NVIDIA GeForce RTX 3070 Laptop GPU (ID=0x24dd)
    Vendor:   NVIDIA
    VRAM:     8033 MB
    Driver:   31.0.15.2799
Initialize mono
Mono path[0] = 'C:/Users/ngjun/Downloads/DGDD/2021.3.1f1/Editor/Data/Managed'
Mono path[1] = 'C:/Users/ngjun/Downloads/DGDD/2021.3.1f1/Editor/Data/MonoBleedingEdge/lib/mono/unityjit-win32'
Mono config path = 'C:/Users/ngjun/Downloads/DGDD/2021.3.1f1/Editor/Data/MonoBleedingEdge/etc'
Using monoOptions --debugger-agent=transport=dt_socket,embedding=1,server=y,suspend=n,address=127.0.0.1:56064
Begin MonoManager ReloadAssembly
Registering precompiled unity dll's ...
Register platform support module: C:/Users/ngjun/Downloads/DGDD/2021.3.1f1/Editor/Data/PlaybackEngines/WebGLSupport/UnityEditor.WebGL.Extensions.dll
Register platform support module: C:/Users/ngjun/Downloads/DGDD/2021.3.1f1/Editor/Data/PlaybackEngines/WindowsStandaloneSupport/UnityEditor.WindowsStandalone.Extensions.dll
Registered in 0.009119 seconds.
Native extension for WindowsStandalone target not found
Native extension for WebGL target not found
Refreshing native plugins compatible for Editor in 57.27 ms, found 3 plugins.
Preloading 0 native plugins for Editor in 0.00 ms.
Mono: successfully reloaded assembly
- Completed reload, in  0.544 seconds
Domain Reload Profiling:
	ReloadAssembly (544ms)
		BeginReloadAssembly (75ms)
			ExecutionOrderSort (0ms)
			DisableScriptedObjects (0ms)
			BackupInstance (0ms)
			ReleaseScriptingObjects (0ms)
			CreateAndSetChildDomain (1ms)
		EndReloadAssembly (367ms)
			LoadAssemblies (73ms)
			RebuildTransferFunctionScriptingTraits (0ms)
			SetupTypeCache (80ms)
			ReleaseScriptCaches (0ms)
			RebuildScriptCaches (24ms)
			SetupLoadedEditorAssemblies (214ms)
				LogAssemblyErrors (0ms)
				InitializePlatformSupportModulesInManaged (8ms)
				SetLoadedEditorAssemblies (0ms)
				RefreshPlugins (57ms)
				BeforeProcessingInitializeOnLoad (1ms)
				ProcessInitializeOnLoadAttributes (109ms)
				ProcessInitializeOnLoadMethodAttributes (38ms)
				AfterProcessingInitializeOnLoad (0ms)
				EditorAssembliesLoaded (0ms)
			ExecutionOrderSort2 (0ms)
			AwakeInstancesAfterBackupRestoration (0ms)
Platform modules already initialized, skipping
Registering precompiled user dll's ...
Registered in 0.006560 seconds.
Begin MonoManager ReloadAssembly
Symbol file LoadedFromMemory doesn't match image C:\Users\ngjun\OneDrive\Desktop\JUNK file\tryjoyandpain\Library\PackageCache\com.unity.visualscripting@1.7.6\Editor\VisualScripting.Core\Dependencies\YamlDotNet\Unity.VisualScripting.YamlDotNet.dll
Symbol file LoadedFromMemory is not a mono symbol file
Symbol file LoadedFromMemory doesn't match image C:\Users\ngjun\OneDrive\Desktop\JUNK file\tryjoyandpain\Library\PackageCache\com.unity.visualscripting@1.7.6\Editor\VisualScripting.Core\Dependencies\DotNetZip\Unity.VisualScripting.IonicZip.dll
Native extension for WindowsStandalone target not found
Native extension for WebGL target not found
Refreshing native plugins compatible for Editor in 0.55 ms, found 3 plugins.
Preloading 0 native plugins for Editor in 0.00 ms.
Mono: successfully reloaded assembly
- Completed reload, in  0.999 seconds
Domain Reload Profiling:
	ReloadAssembly (1000ms)
		BeginReloadAssembly (131ms)
			ExecutionOrderSort (0ms)
			DisableScriptedObjects (7ms)
			BackupInstance (0ms)
			ReleaseScriptingObjects (0ms)
			CreateAndSetChildDomain (20ms)
		EndReloadAssembly (763ms)
			LoadAssemblies (101ms)
			RebuildTransferFunctionScriptingTraits (0ms)
			SetupTypeCache (177ms)
			ReleaseScriptCaches (1ms)
			RebuildScriptCaches (47ms)
			SetupLoadedEditorAssemblies (413ms)
				LogAssemblyErrors (0ms)
				InitializePlatformSupportModulesInManaged (9ms)
				SetLoadedEditorAssemblies (0ms)
				RefreshPlugins (1ms)
				BeforeProcessingInitializeOnLoad (73ms)
				ProcessInitializeOnLoadAttributes (295ms)
				ProcessInitializeOnLoadMethodAttributes (25ms)
				AfterProcessingInitializeOnLoad (10ms)
				EditorAssembliesLoaded (0ms)
			ExecutionOrderSort2 (0ms)
			AwakeInstancesAfterBackupRestoration (5ms)
Platform modules already initialized, skipping
========================================================================
Worker process is ready to serve import requests
Launched and connected shader compiler UnityShaderCompiler.exe after 0.07 seconds
Refreshing native plugins compatible for Editor in 1.16 ms, found 3 plugins.
Preloading 0 native plugins for Editor in 0.00 ms.
Unloading 3166 Unused Serialized files (Serialized files now loaded: 0)
Unloading 20 unused Assets / (47.9 KB). Loaded Objects now: 3627.
Memory consumption went from 111.2 MB to 111.1 MB.
Total: 3.215100 ms (FindLiveObjects: 0.260700 ms CreateObjectMapping: 0.195200 ms MarkObjects: 2.680600 ms  DeleteObjects: 0.077600 ms)

AssetImportParameters requested are different than current active one (requested -> active):
  custom:video-decoder-ogg-theora: a1e56fd34408186e4bbccfd4996cb3dc -> 
  custom:container-muxer-webm: aa71ff27fc2769a1b78a27578f13a17b -> 
  custom:container-demuxer-webm: 4f35f7cbe854078d1ac9338744f61a02 -> 
  custom:video-encoder-webm-vp8: eb34c28f22e8b96e1ab97ce403110664 -> 
  custom:video-codec-MediaFoundation-h265: 746d11721c4dcdbdad8f713fa42b33f4 -> 
  custom:audio-encoder-webm-vorbis: bf7c407c2cedff20999df2af8eb42d56 -> 
  custom:framework-win-MediaFoundation: 216162199b28c13a410421893ffa2e32 -> 
  custom:container-demuxer-ogg: 62fdf1f143b41e24485cea50d1cbac27 -> 
  custom:video-decoder-webm-vp8: 9c59270c3fd7afecdb556c50c9e8de78 -> 
  custom:audio-decoder-ogg-vorbis: bf7c407c2cedff20999df2af8eb42d56 -> 
========================================================================
Received Import Request.
  Time since last request: 374864.245730 seconds.
  path: Assets/Sprites/Assets1.png
  artifactKey: Guid(36d03cc663cae4559a4da3a4521b86dc) Importer(815301076,1909f56bfc062723c751e8b465ee728b)
Start importing Assets/Sprites/Assets1.png using Guid(36d03cc663cae4559a4da3a4521b86dc) Importer(815301076,1909f56bfc062723c751e8b465ee728b)  -> (artifact id: '32b9224b964dc443c8b9ce42b2f1afc6') in 0.171705 seconds 
========================================================================
Received Import Request.
  Time since last request: 0.000024 seconds.
  path: Assets/Scenes/SampleScene.unity
  artifactKey: Guid(2cda990e2423bbf4892e6590ba056729) Importer(815301076,1909f56bfc062723c751e8b465ee728b)
Start importing Assets/Scenes/SampleScene.unity using Guid(2cda990e2423bbf4892e6590ba056729) Importer(815301076,1909f56bfc062723c751e8b465ee728b)  -> (artifact id: '647395e9987dd888dce2bbcb1a95956c') in 0.008881 seconds 
========================================================================
Received Import Request.
  Time since last request: 22.997923 seconds.
  path: Assets/Characters/Enemies/Cultist.prefab
  artifactKey: Guid(adb2781490e7e4bce83782469f0eb58e) Importer(815301076,1909f56bfc062723c751e8b465ee728b)
Start importing Assets/Characters/Enemies/Cultist.prefab using Guid(adb2781490e7e4bce83782469f0eb58e) Importer(815301076,1909f56bfc062723c751e8b465ee728b)  -> (artifact id: 'bec826f04b2d86c361454c6a411661f1') in 0.104432 seconds 
========================================================================
Received Import Request.
  Time since last request: 31.539520 seconds.
  path: Assets/TextMesh Pro/Fonts/LiberationSans.ttf
  artifactKey: Guid(e3265ab4bf004d28a9537516768c1c75) Importer(815301076,1909f56bfc062723c751e8b465ee728b)
Start importing Assets/TextMesh Pro/Fonts/LiberationSans.ttf using Guid(e3265ab4bf004d28a9537516768c1c75) Importer(815301076,1909f56bfc062723c751e8b465ee728b)  -> (artifact id: '86e85d55384b22641579099d0f1ce7e8') in 0.046316 seconds 
========================================================================
Received Import Request.
  Time since last request: 0.715803 seconds.
  path: Assets/TextMesh Pro/Resources/TMP Settings.asset
  artifactKey: Guid(3f5b5dff67a942289a9defa416b206f3) Importer(815301076,1909f56bfc062723c751e8b465ee728b)
Start importing Assets/TextMesh Pro/Resources/TMP Settings.asset using Guid(3f5b5dff67a942289a9defa416b206f3) Importer(815301076,1909f56bfc062723c751e8b465ee728b)  -> (artifact id: '2eb606ad70dabfa70adaa1be5ff45163') in 0.030794 seconds 
========================================================================
Received Import Request.
  Time since last request: 0.682565 seconds.
  path: Assets/TextMesh Pro/Shaders/TMPro.cginc
  artifactKey: Guid(407bc68d299748449bbf7f48ee690f8d) Importer(815301076,1909f56bfc062723c751e8b465ee728b)
Start importing Assets/TextMesh Pro/Shaders/TMPro.cginc using Guid(407bc68d299748449bbf7f48ee690f8d) Importer(815301076,1909f56bfc062723c751e8b465ee728b)  -> (artifact id: '7395dd04a5e9f7329f6d00895a1b3f59') in 0.011271 seconds 
========================================================================
Received Import Request.
  Time since last request: 0.000023 seconds.
  path: Assets/TextMesh Pro/Shaders/TMPro_Surface.cginc
  artifactKey: Guid(d930090c0cd643c7b55f19a38538c162) Importer(815301076,1909f56bfc062723c751e8b465ee728b)
Start importing Assets/TextMesh Pro/Shaders/TMPro_Surface.cginc using Guid(d930090c0cd643c7b55f19a38538c162) Importer(815301076,1909f56bfc062723c751e8b465ee728b)  -> (artifact id: '7b115a6d707a6d062181fb1f47f2d772') in 0.007206 seconds 
========================================================================
Received Import Request.
  Time since last request: 0.000033 seconds.
  path: Assets/TextMesh Pro/Shaders/TMPro_Properties.cginc
  artifactKey: Guid(3997e2241185407d80309a82f9148466) Importer(815301076,1909f56bfc062723c751e8b465ee728b)
Start importing Assets/TextMesh Pro/Shaders/TMPro_Properties.cginc using Guid(3997e2241185407d80309a82f9148466) Importer(815301076,1909f56bfc062723c751e8b465ee728b)  -> (artifact id: '1a571301edaf3ef31f347c8859d10fb7') in 0.007565 seconds 
========================================================================
Received Import Request.
  Time since last request: 0.627107 seconds.
  path: Assets/TextMesh Pro/Sprites/EmojiOne.png
  artifactKey: Guid(dffef66376be4fa480fb02b19edbe903) Importer(815301076,1909f56bfc062723c751e8b465ee728b)
Start importing Assets/TextMesh Pro/Sprites/EmojiOne.png using Guid(dffef66376be4fa480fb02b19edbe903) Importer(815301076,1909f56bfc062723c751e8b465ee728b)  -> (artifact id: 'e70e6e2a7bd847701d3dacc6a79575cb') in 0.013091 seconds 
========================================================================
Received Import Request.
  Time since last request: 3.138668 seconds.
  path: Assets/Characters/Enemies
  artifactKey: Guid(27a6f1af40f1d49afa5192b00af521b1) Importer(815301076,1909f56bfc062723c751e8b465ee728b)
Start importing Assets/Characters/Enemies using Guid(27a6f1af40f1d49afa5192b00af521b1) Importer(815301076,1909f56bfc062723c751e8b465ee728b)  -> (artifact id: '4392dba1f6fcaf68abe0212c42a9d34f') in 0.007205 seconds 
========================================================================
Received Import Request.
  Time since last request: 2.103827 seconds.
  path: Assets/Characters/Enemies/Cultist_Melee.cs
  artifactKey: Guid(cc6dc2716d0d14dbca24e48025efa8eb) Importer(815301076,1909f56bfc062723c751e8b465ee728b)
Start importing Assets/Characters/Enemies/Cultist_Melee.cs using Guid(cc6dc2716d0d14dbca24e48025efa8eb) Importer(815301076,1909f56bfc062723c751e8b465ee728b)  -> (artifact id: '1c43c98c34cc68df7018c2076689fb23') in 0.010530 seconds 
========================================================================
Received Import Request.
  Time since last request: 0.491081 seconds.
  path: Assets/Characters/Enemies/Cultist_Ranged.cs
  artifactKey: Guid(03fccb41c0f0f448fb146dd7f4cf0b4e) Importer(815301076,1909f56bfc062723c751e8b465ee728b)
Start importing Assets/Characters/Enemies/Cultist_Ranged.cs using Guid(03fccb41c0f0f448fb146dd7f4cf0b4e) Importer(815301076,1909f56bfc062723c751e8b465ee728b)  -> (artifact id: 'd1384475b9c0e12c521cca6811d0c3fb') in 0.006853 seconds 
========================================================================
Received Import Request.
  Time since last request: 1.202066 seconds.
  path: Assets/Characters/Enemies/Classes
  artifactKey: Guid(49c58cf50b2a6417f9833ac832f78a78) Importer(815301076,1909f56bfc062723c751e8b465ee728b)
Start importing Assets/Characters/Enemies/Classes using Guid(49c58cf50b2a6417f9833ac832f78a78) Importer(815301076,1909f56bfc062723c751e8b465ee728b)  -> (artifact id: '06a8e94787cb9edb457651feea5fd6b0') in 0.007264 seconds 
========================================================================
Received Import Request.
  Time since last request: 0.606760 seconds.
  path: Assets/Characters/Enemies/Classes/Cultist.cs
  artifactKey: Guid(07ea03039871b4ddfa7b57c5669a077b) Importer(815301076,1909f56bfc062723c751e8b465ee728b)
Start importing Assets/Characters/Enemies/Classes/Cultist.cs using Guid(07ea03039871b4ddfa7b57c5669a077b) Importer(815301076,1909f56bfc062723c751e8b465ee728b)  -> (artifact id: 'adeef6df2e1b644deac262f469646f3e') in 0.002676 seconds 
========================================================================
Received Import Request.
  Time since last request: 5.246437 seconds.
  path: Assets/Mechanics/Xp/xpOrb.prefab
  artifactKey: Guid(cec8b4e111b7e014a9a89bd4f3bc2aca) Importer(815301076,1909f56bfc062723c751e8b465ee728b)
Start importing Assets/Mechanics/Xp/xpOrb.prefab using Guid(cec8b4e111b7e014a9a89bd4f3bc2aca) Importer(815301076,1909f56bfc062723c751e8b465ee728b)  -> (artifact id: '53b2f260efb7d4ac87634d48e160e626') in 0.009627 seconds 
========================================================================
Received Import Request.
  Time since last request: 23.270254 seconds.
  path: Assets/Mechanics/Weapons/DamageIndicators/Damage.prefab
  artifactKey: Guid(69a2125715ff05c46937114dc83fd516) Importer(815301076,1909f56bfc062723c751e8b465ee728b)
Start importing Assets/Mechanics/Weapons/DamageIndicators/Damage.prefab using Guid(69a2125715ff05c46937114dc83fd516) Importer(815301076,1909f56bfc062723c751e8b465ee728b)  -> (artifact id: '91c96a4ef670992e9946d69ad077f294') in 0.026846 seconds 
========================================================================
Received Import Request.
  Time since last request: 0.403288 seconds.
  path: Assets/Mechanics/Weapons/Pistol/Bullet.prefab
  artifactKey: Guid(8cf85133a9369479990700f46dd8bb30) Importer(815301076,1909f56bfc062723c751e8b465ee728b)
Start importing Assets/Mechanics/Weapons/Pistol/Bullet.prefab using Guid(8cf85133a9369479990700f46dd8bb30) Importer(815301076,1909f56bfc062723c751e8b465ee728b)  -> (artifact id: '360bc1e714456e27d5247117bd70bbe9') in 0.010941 seconds 
